[debug] [2021-11-12T01:54:42.110Z] ----------------------------------------------------------------------
[debug] [2021-11-12T01:54:42.113Z] Command:       C:\Program Files\nodejs\node.exe C:\Users\User\AppData\Roaming\npm\node_modules\firebase-tools\lib\bin\firebase.js serve
[debug] [2021-11-12T01:54:42.114Z] CLI Version:   9.12.1
[debug] [2021-11-12T01:54:42.114Z] Platform:      win32
[debug] [2021-11-12T01:54:42.114Z] Node Version:  v16.13.0
[debug] [2021-11-12T01:54:42.122Z] Time:          Fri Nov 12 2021 10:54:42 GMT+0900 (대한민국 표준시)
[debug] [2021-11-12T01:54:42.123Z] ----------------------------------------------------------------------
[debug] 
[debug] [2021-11-12T01:54:42.163Z] > command requires scopes: ["email","openid","https://www.googleapis.com/auth/cloudplatformprojects.readonly","https://www.googleapis.com/auth/firebase","https://www.googleapis.com/auth/cloud-platform"]
[debug] [2021-11-12T01:54:42.164Z] > authorizing via signed-in user (alsghk9701@gmail.com)
[debug] [2021-11-12T01:54:42.164Z] [iam] checking project mykarrotmarket for permissions ["firebase.projects.get"]
[debug] [2021-11-12T01:54:42.172Z] > refreshing access token with scopes: ["email","https://www.googleapis.com/auth/cloud-platform","https://www.googleapis.com/auth/cloudplatformprojects.readonly","https://www.googleapis.com/auth/firebase","openid"]
[debug] [2021-11-12T01:54:42.173Z] >>> HTTP REQUEST POST https://www.googleapis.com/oauth2/v3/token  
 <request body omitted>
[debug] [2021-11-12T01:54:42.525Z] <<< HTTP RESPONSE 200 {"pragma":"no-cache","cache-control":"no-cache, no-store, max-age=0, must-revalidate","expires":"Mon, 01 Jan 1990 00:00:00 GMT","date":"Fri, 12 Nov 2021 01:54:42 GMT","content-type":"application/json; charset=utf-8","vary":"X-Origin, Referer, Origin,Accept-Encoding","server":"scaffolding on HTTPServer2","x-xss-protection":"0","x-frame-options":"SAMEORIGIN","x-content-type-options":"nosniff","alt-svc":"h3=\":443\"; ma=2592000,h3-29=\":443\"; ma=2592000,h3-Q050=\":443\"; ma=2592000,h3-Q046=\":443\"; ma=2592000,h3-Q043=\":443\"; ma=2592000,quic=\":443\"; ma=2592000; v=\"46,43\"","accept-ranges":"none","transfer-encoding":"chunked"}
[debug] [2021-11-12T01:54:42.548Z] >>> HTTP REQUEST POST https://cloudresourcemanager.googleapis.com/v1/projects/mykarrotmarket:testIamPermissions  
 {"permissions":["firebase.projects.get"]}
[debug] [2021-11-12T01:54:43.644Z] <<< HTTP RESPONSE 200 {"content-type":"application/json; charset=UTF-8","vary":"X-Origin, Referer, Origin,Accept-Encoding","date":"Fri, 12 Nov 2021 01:54:43 GMT","server":"ESF","cache-control":"private","x-xss-protection":"0","x-frame-options":"SAMEORIGIN","x-content-type-options":"nosniff","server-timing":"gfet4t7; dur=816","alt-svc":"h3=\":443\"; ma=2592000,h3-29=\":443\"; ma=2592000,h3-Q050=\":443\"; ma=2592000,h3-Q046=\":443\"; ma=2592000,h3-Q043=\":443\"; ma=2592000,quic=\":443\"; ma=2592000; v=\"46,43\"","accept-ranges":"none","transfer-encoding":"chunked"}
[debug] [2021-11-12T01:54:43.647Z] > refreshing access token with scopes: []
[debug] [2021-11-12T01:54:43.647Z] >>> HTTP REQUEST POST https://www.googleapis.com/oauth2/v3/token  
 <request body omitted>
[debug] [2021-11-12T01:54:43.882Z] <<< HTTP RESPONSE 200 {"cache-control":"no-cache, no-store, max-age=0, must-revalidate","date":"Fri, 12 Nov 2021 01:54:43 GMT","pragma":"no-cache","expires":"Mon, 01 Jan 1990 00:00:00 GMT","content-type":"application/json; charset=utf-8","vary":"X-Origin, Referer, Origin,Accept-Encoding","server":"scaffolding on HTTPServer2","x-xss-protection":"0","x-frame-options":"SAMEORIGIN","x-content-type-options":"nosniff","alt-svc":"h3=\":443\"; ma=2592000,h3-29=\":443\"; ma=2592000,h3-Q050=\":443\"; ma=2592000,h3-Q046=\":443\"; ma=2592000,h3-Q043=\":443\"; ma=2592000,quic=\":443\"; ma=2592000; v=\"46,43\"","accept-ranges":"none","transfer-encoding":"chunked"}
[debug] [2021-11-12T01:54:43.910Z] >>> [apiv2][query] GET https://firebase.googleapis.com/v1beta1/projects/mykarrotmarket [none]
[debug] [2021-11-12T01:54:44.793Z] <<< [apiv2][status] GET https://firebase.googleapis.com/v1beta1/projects/mykarrotmarket 200
[debug] [2021-11-12T01:54:44.793Z] <<< [apiv2][body] GET https://firebase.googleapis.com/v1beta1/projects/mykarrotmarket {"projectId":"mykarrotmarket","projectNumber":"536473751113","displayName":"myKarrotMarket","name":"projects/mykarrotmarket","resources":{"hostingSite":"mykarrotmarket","storageBucket":"mykarrotmarket.appspot.com","locationId":"asia-northeast3"},"state":"ACTIVE"}
[info] 
[info] === Serving from 'C:\Users\User\Desktop\Git\myKarrotMarket'...
[info] 
[debug] [2021-11-12T01:54:44.795Z] >>> [apiv2][query] GET https://firebasehosting.googleapis.com/v1beta1/projects/mykarrotmarket/sites 
[debug] [2021-11-12T01:54:46.129Z] <<< [apiv2][status] GET https://firebasehosting.googleapis.com/v1beta1/projects/mykarrotmarket/sites 200
[debug] [2021-11-12T01:54:46.130Z] <<< [apiv2][body] GET https://firebasehosting.googleapis.com/v1beta1/projects/mykarrotmarket/sites {"sites":[{"name":"projects/536473751113/sites/mykarrotmarket","defaultUrl":"https://mykarrotmarket.web.app","type":"DEFAULT_SITE"}]}
[debug] [2021-11-12T01:54:46.130Z] >>> [apiv2][query] GET https://firebase.googleapis.com/v1beta1/projects/mykarrotmarket/webApps/-/config [none]
[debug] [2021-11-12T01:54:47.461Z] <<< [apiv2][status] GET https://firebase.googleapis.com/v1beta1/projects/mykarrotmarket/webApps/-/config 200
[debug] [2021-11-12T01:54:47.461Z] <<< [apiv2][body] GET https://firebase.googleapis.com/v1beta1/projects/mykarrotmarket/webApps/-/config {"projectId":"mykarrotmarket","appId":"1:536473751113:web:239d12328824dc9847b998","storageBucket":"mykarrotmarket.appspot.com","locationId":"asia-northeast3","apiKey":"AIzaSyA13fPLsmWtxeYgQvErnCerwxfx6-tuMy8","authDomain":"mykarrotmarket.firebaseapp.com","messagingSenderId":"536473751113","measurementId":"G-ZSV19N54T6"}
[info] i  hosting: Serving hosting files from: public {"metadata":{"emulator":{"name":"hosting"},"message":"Serving hosting files from: \u001b[1mpublic\u001b[22m"}}
[info] +  hosting: Local server: http://localhost:5000 {"metadata":{"emulator":{"name":"hosting"},"message":"Local server: \u001b[4m\u001b[1mhttp://localhost:5000\u001b[22m\u001b[24m"}}
[info] i  hosting: 127.0.0.1 - - [12/Nov/2021:01:54:54 +0000] "GET / HTTP/1.1" 200 3305 "-" "Mozilla/5.0 (Windows NT 10.0; Win64; x64) AppleWebKit/537.36 (KHTML, like Gecko) Chrome/95.0.4638.69 Safari/537.36" {"metadata":{"emulator":{"name":"hosting"},"message":"127.0.0.1 - - [12/Nov/2021:01:54:54 +0000] \"GET / HTTP/1.1\" 200 3305 \"-\" \"Mozilla/5.0 (Windows NT 10.0; Win64; x64) AppleWebKit/537.36 (KHTML, like Gecko) Chrome/95.0.4638.69 Safari/537.36\""}}
[info] i  hosting: 127.0.0.1 - - [12/Nov/2021:01:54:54 +0000] "GET /main.css HTTP/1.1" 200 485 "http://localhost:5000/" "Mozilla/5.0 (Windows NT 10.0; Win64; x64) AppleWebKit/537.36 (KHTML, like Gecko) Chrome/95.0.4638.69 Safari/537.36" {"metadata":{"emulator":{"name":"hosting"},"message":"127.0.0.1 - - [12/Nov/2021:01:54:54 +0000] \"GET /main.css HTTP/1.1\" 200 485 \"http://localhost:5000/\" \"Mozilla/5.0 (Windows NT 10.0; Win64; x64) AppleWebKit/537.36 (KHTML, like Gecko) Chrome/95.0.4638.69 Safari/537.36\""}}
[info] i  hosting: 127.0.0.1 - - [12/Nov/2021:01:54:55 +0000] "GET /favicon.ico HTTP/1.1" 200 25931 "http://localhost:5000/" "Mozilla/5.0 (Windows NT 10.0; Win64; x64) AppleWebKit/537.36 (KHTML, like Gecko) Chrome/95.0.4638.69 Safari/537.36" {"metadata":{"emulator":{"name":"hosting"},"message":"127.0.0.1 - - [12/Nov/2021:01:54:55 +0000] \"GET /favicon.ico HTTP/1.1\" 200 25931 \"http://localhost:5000/\" \"Mozilla/5.0 (Windows NT 10.0; Win64; x64) AppleWebKit/537.36 (KHTML, like Gecko) Chrome/95.0.4638.69 Safari/537.36\""}}
